<?xml version="1.0" encoding="UTF-8"?>
<!-- Generated by org.testng.reporters.JUnitReportReporter -->
<testsuite hostname="Mohit" failures="0" tests="1" name="framework.Test.Exception" time="1.921" errors="0" timestamp="2024-10-12T05:59:24 IST" skipped="0">
  <testcase classname="framework.Test.Exception" name="wrongCredentials" time="1.921"/>
  <system-out/>
</testsuite> <!-- framework.Test.Exception -->
