<?xml version="1.0" encoding="UTF-8"?>
<!-- Generated by org.testng.reporters.JUnitReportReporter -->
<testsuite hostname="Mohit" failures="0" tests="2" name="cucumber.Cucumber_runner" time="12.408" errors="0" timestamp="2024-10-17T05:38:17 IST" skipped="0">
  <testcase classname="cucumber.Cucumber_runner" name="runScenario" time="6.375"/>
  <system-out/>
  <testcase classname="cucumber.Cucumber_runner" name="runScenario" time="6.033"/>
  <system-out/>
</testsuite> <!-- cucumber.Cucumber_runner -->
