<?xml version="1.0" encoding="UTF-8"?>
<!-- Generated by org.testng.reporters.JUnitReportReporter -->
<testsuite hostname="Mohit" failures="0" tests="2" name="framework1.Test.Submit" time="11.284" errors="0" timestamp="2024-10-15T05:18:04 IST" skipped="0">
  <testcase classname="framework1.Test.Submit" name="submitUser" time="5.966"/>
  <system-out/>
  <testcase classname="framework1.Test.Submit" name="submitUser" time="5.318"/>
  <system-out/>
</testsuite> <!-- framework1.Test.Submit -->
