<?xml version="1.0" encoding="UTF-8"?>
<!-- Generated by org.testng.reporters.JUnitReportReporter -->
<testsuite hostname="Mohit" failures="0" tests="2" name="framework.Test.Submit" time="11.752" errors="0" timestamp="2024-10-12T08:53:50 IST" skipped="0">
  <testcase classname="framework.Test.Submit" name="submitUser" time="6.161"/>
  <system-out/>
  <testcase classname="framework.Test.Submit" name="submitUser" time="5.591"/>
  <system-out/>
</testsuite> <!-- framework.Test.Submit -->
