<?xml version="1.0" encoding="UTF-8"?>
<!-- Generated by org.testng.reporters.JUnitReportReporter -->
<testsuite hostname="Mohit" failures="0" tests="1" name="framework.Test.Test_Exception" time="2.351" errors="0" timestamp="2024-10-12T02:37:19 IST" skipped="0">
  <testcase classname="framework.Test.Test_Exception" name="order" time="2.351"/>
  <system-out/>
</testsuite> <!-- framework.Test.Test_Exception -->
