<?xml version="1.0" encoding="UTF-8"?>
<!-- Generated by org.testng.reporters.JUnitReportReporter -->
<testsuite hostname="Mohit" failures="0" tests="2" name="framework1.Test.Submit" time="17.467" errors="0" timestamp="2024-10-19T06:41:42 IST" skipped="0">
  <testcase classname="framework1.Test.Submit" name="submitUser" time="8.635"/>
  <testcase classname="framework1.Test.Submit" name="submitUser" time="8.832"/>
</testsuite> <!-- framework1.Test.Submit -->
