<?xml version="1.0" encoding="UTF-8"?>
<!-- Generated by org.testng.reporters.JUnitReportReporter -->
<testsuite hostname="Mohit" failures="0" tests="2" name="framework1.Test.Submit" time="12.912" errors="0" timestamp="2024-10-15T05:33:59 IST" skipped="0">
  <testcase classname="framework1.Test.Submit" name="submitUser" time="6.617"/>
  <testcase classname="framework1.Test.Submit" name="submitUser" time="6.295"/>
</testsuite> <!-- framework1.Test.Submit -->
